TN:
SF:src\constants.js
FNF:0
FNH:0
DA:3,1
LF:1
LH:1
BRF:0
BRH:0
end_of_record
TN:
SF:src\index.js
FN:10,createApp
FN:17,(anonymous_1)
FN:27,(anonymous_2)
FN:43,(anonymous_3)
FN:69,(anonymous_4)
FN:85,(anonymous_5)
FN:112,(anonymous_6)
FN:142,(anonymous_7)
FN:148,(anonymous_8)
FN:151,(anonymous_9)
FN:152,(anonymous_10)
FN:152,(anonymous_11)
FNF:12
FNH:12
FNDA:1,createApp
FNDA:1,(anonymous_1)
FNDA:3,(anonymous_2)
FNDA:4,(anonymous_3)
FNDA:3,(anonymous_4)
FNDA:3,(anonymous_5)
FNDA:3,(anonymous_6)
FNDA:2,(anonymous_7)
FNDA:4,(anonymous_8)
FNDA:1,(anonymous_9)
FNDA:2,(anonymous_10)
FNDA:9,(anonymous_11)
DA:3,1
DA:4,1
DA:5,1
DA:6,1
DA:7,1
DA:8,1
DA:11,1
DA:12,1
DA:14,1
DA:15,1
DA:17,1
DA:18,1
DA:27,1
DA:28,3
DA:32,3
DA:33,1
DA:36,2
DA:43,1
DA:44,4
DA:45,4
DA:47,3
DA:50,1
DA:55,1
DA:59,1
DA:69,1
DA:70,3
DA:74,3
DA:75,1
DA:78,2
DA:85,1
DA:86,3
DA:87,3
DA:89,2
DA:92,1
DA:97,1
DA:101,1
DA:112,1
DA:113,3
DA:114,3
DA:116,1
DA:120,2
DA:121,2
DA:123,1
DA:126,1
DA:130,1
DA:134,1
DA:142,1
DA:144,2
DA:145,2
DA:148,4
DA:151,2
DA:152,9
DA:154,2
DA:155,0
DA:158,2
DA:161,1
DA:165,1
DA:176,1
LF:58
LH:57
BRDA:32,0,0,1
BRDA:32,0,1,2
BRDA:74,1,0,1
BRDA:74,1,1,2
BRDA:151,2,0,1
BRDA:151,2,1,0
BRDA:154,3,0,0
BRDA:154,3,1,2
BRDA:165,4,0,1
BRF:9
BRH:7
end_of_record
TN:
SF:src\validators.js
FNF:0
FNH:0
DA:3,2
DA:5,2
DA:13,2
DA:20,2
DA:29,2
DA:31,2
LF:6
LH:6
BRF:0
BRH:0
end_of_record
